20230912	14:59:29	379254f6-7611-4029-8b64-65ca69db58ca	Database connected
20230912	15:05:36	a0cdcd80-6bbb-448a-9043-cd978d25c1f8	Database connected
20230912	15:06:07	79d945f4-c707-4e53-b47f-1acc12683b98	Database connected
20230912	15:06:15	4cc2e4f4-6b82-4c53-bee6-10941abfe76e	Database connected
20230912	15:06:23	73bb9776-7a0d-4a8c-874f-1b81735f6409	Database connected
20230912	15:06:45	9e2a62a9-d9b9-4bca-8bac-8c1b087c554d	Database connected
20230912	15:07:14	ff6dc1e8-16ad-46ad-b981-14f025325edf	Database connected
20230912	15:07:34	47c098e5-bbf9-4f18-90e1-5b4c60676b3f	Database connected
20230912	15:08:37	e126074b-ed81-439a-8071-75916202e277	Database connected
20230912	15:08:49	54d791c7-4cdb-492b-bec1-33d5c65b7bf8	Database connected
20230912	15:09:08	4723fa11-3b26-456b-93cd-3b20eda2a1b7	Database connected
20230912	15:09:29	7881816f-1095-414b-a809-edefd0d6a177	Database connected
20230912	15:09:41	4d5835e8-04b3-470f-9d0f-bd8cb5545725	Database connected
20230912	15:14:45	40274981-d961-4a92-8bae-2eba06405b79	Database connected
20230912	15:15:41	9c74fb31-10ce-43ab-bd7b-1680ffafad47	Database connected
20230912	15:15:56	d8267847-ffd8-4e60-bd3b-b3cadaea1fac	Database connected
20230912	15:16:06	be08e331-4ee9-4b34-80e5-0786cb141e24	Database connected
20230912	15:17:06	10ddb7a8-3abd-46cd-aaeb-6fcc7b116c47	Database connected
20230912	15:17:28	19709d40-69ec-4e57-ba9a-a8a6ea2df5d1	Database connected
20230912	15:27:23	d580e67a-0d34-40af-ab3e-158d45b78f80	Database connected
20230912	15:27:34	28addf7e-cbcb-46ee-ac90-528c0ebc6b90	Database connected
20230912	15:27:55	a17238d0-b729-49d9-89fe-8f0ea4967294	Database connected
20230912	15:28:31	b39cc680-7c45-4193-9640-017d4327ab56	Database connected
20230912	15:28:44	99fdcdb3-3f31-49a6-a9fe-2e235c16eaf5	Database connected
20230912	15:28:50	54846518-e861-4ecd-8ba7-f2d600c19d7d	Database connected
20230912	15:29:07	54f77de5-1da7-4a97-92c4-35a4ce8a63e3	Database connected
20230912	15:29:12	0146bf56-732a-47f0-ab5e-e0233dabb50b	Database connected
20230912	15:29:25	fafee67d-c99c-4c11-b0cd-c9145292ff41	Database connected
20230912	15:29:29	4643a20b-51fb-4b0a-ae9e-10d0e4289e09	Database connected
20230912	15:30:08	28150e4b-7de5-4f4d-ae74-64676d2306dd	Database connected
20230912	15:30:19	325cecc7-06b2-4e5e-bace-86d4940eb50f	Database connected
20230912	15:30:30	55f2b774-368a-4b36-aa03-69978a76596c	Database connected
20230912	15:31:01	de6e7a3f-9431-4ffa-a043-cf0cafd3dc7b	Database connected
20230912	15:31:05	3bb698da-ca34-473c-8d1e-9b2ea20766eb	Database connected
20230912	15:31:29	aae1f603-e0f3-4630-a3bb-dd1d51c7f8d3	Database connected
20230912	15:31:41	cd7fb7a1-7979-4d3d-b309-a157feb5da2c	Database connected
20230912	15:31:52	be875d73-2e48-4bf8-9e6e-8c0d22c09f21	Database connected
20230912	15:32:15	682feecc-6efc-4e41-9884-ea6b2d0df97f	Database connected
20230912	15:32:28	6038a735-6b30-4cea-9df5-51b227f0243d	Database connected
20230912	15:32:43	f03c390c-8631-49c0-b8eb-8dd43e4affc6	Database connected
20230912	15:33:13	0bb1507b-b0d4-4dec-ba23-e9fb85501c04	Database connected
20230912	15:33:31	175a1aac-bc75-4e63-b3ba-69166c3eb9bd	Database connected
20230912	15:33:53	0279917b-5275-467d-b2e6-e9b1a2d3d9fa	Database connected
20230916	14:22:55	12e32d30-a7f2-4521-98d6-55c04f492220	Database connected
20230916	14:50:08	5b3d96bb-16a6-42a4-b622-99f0dc926e7b	Database connected
20230916	14:50:26	43028db2-657d-4b24-bcca-26b74a15a0a1	Database connected
20230916	14:50:37	71a65105-cf33-443c-a09f-fc759220db24	Database connected
20230916	14:50:45	b01388c7-c589-482c-9084-d8b3469ba4c5	Database connected
20230916	15:20:26	ce70f20e-7d38-415e-b1ec-37ef5f815781	Database connected
20230916	15:25:38	d3742d6b-7633-48e0-8f54-e77321eb66ca	Database connected
20230916	19:18:41	53133a5e-11c1-4cc2-ae71-22d1a0c47531	Database connected
20230916	19:19:44	a9ef84ca-1be7-41d1-895c-688b385ba33f	Database connected
2023-09-16	19:21:35	4395f590-d856-461b-92f1-40c765b6abc5	Database connected
2023-09-16	19:21:53	c87b22cd-bef8-4a92-872b-b91857137eb9	Database connected
2023-09-16	19:33:32	d4cb1dac-3a6b-48d3-b50b-3dea47acb29a	Database connected
2023-09-16	19:33:38	dfab030b-1215-49f8-a2bb-147c26159cd5	Database connected
2023-09-23	10:36:12	3adc22a8-3ec2-492a-8576-a4e7baefbb0c	Database connected
2023-09-24	14:46:22	3bb5a1d4-a5a2-4a52-bbd0-7a5692237777	Database connected
2023-09-25	11:38:23	72aa070e-8a79-4f8f-94a4-1381ab02ceba	Database connected
2023-09-25	11:48:10	297e50af-cf88-45b5-8913-23fcba6990ad	Database connected
2023-09-25	11:48:40	8823c990-2353-4439-b4fa-faaebc42f2be	Database connected
